2025-01-29 21:37:50,257 - Script started...
2025-01-29 21:37:52,483 - Starting login process...
2025-01-29 21:37:54,524 - Login popup closed.
2025-01-29 21:37:54,524 - Login successful!
2025-01-29 21:37:54,525 - Starting ticket search...
2025-01-29 21:39:10,691 - Script started...
2025-01-29 21:39:12,374 - Starting login process...
2025-01-29 21:39:14,024 - Login popup closed.
2025-01-29 21:39:14,024 - Login successful!
2025-01-29 21:39:14,025 - Starting ticket search...
2025-01-29 21:39:35,238 - Automation completed successfully!
2025-01-29 21:43:09,133 - Script started...
2025-01-29 21:43:10,267 - Starting login process...
2025-01-29 21:43:11,988 - Login popup closed.
2025-01-29 21:43:11,988 - Login successful!
2025-01-29 21:43:11,988 - Starting ticket search...
2025-01-29 21:44:31,969 - Script started...
2025-01-29 21:44:33,796 - Starting login process...
2025-01-29 21:44:35,906 - Login popup closed.
2025-01-29 21:44:35,906 - Login successful!
2025-01-29 21:44:35,906 - Starting ticket search...
2025-01-29 21:46:45,775 - Script started...
2025-01-29 21:46:47,002 - Starting login process...
2025-01-29 21:46:48,798 - Login popup closed.
2025-01-29 21:46:48,798 - Login successful!
2025-01-29 21:46:48,799 - Starting ticket search...
2025-01-29 21:47:14,776 - Script started...
2025-01-29 21:47:16,001 - Starting login process...
2025-01-29 21:47:17,832 - Login popup closed.
2025-01-29 21:47:17,833 - Login successful!
2025-01-29 21:47:17,833 - Starting ticket search...
2025-01-29 21:54:21,091 - Script started...
2025-01-29 21:54:22,369 - Starting login process...
2025-01-29 21:54:24,173 - Login popup closed.
2025-01-29 21:54:24,173 - Login successful!
2025-01-29 21:54:24,173 - Starting ticket search...
2025-01-29 21:55:10,065 - Script started...
2025-01-29 21:55:11,240 - Starting login process...
2025-01-29 21:55:13,160 - Login popup closed.
2025-01-29 21:55:13,160 - Login successful!
2025-01-29 21:55:13,160 - Starting ticket search...
2025-01-29 21:55:44,509 - Output written to output.json for task task1.
2025-01-29 21:55:44,509 - Automation completed successfully!
