2025-01-31 12:27:07,979 - Script started...
2025-01-31 12:27:08,290 - Starting ticket search...
2025-01-31 12:27:14,129 - Login popup closed.
2025-01-31 12:27:23,396 - Selected departure date: 2025-01-30
2025-01-31 12:27:28,450 - Selected return date: 2025-02-4
2025-01-31 12:27:38,767 - Output written to output.json for task task1.
2025-01-31 12:27:38,862 - Automation completed successfully!
2025-01-31 12:54:02,827 - Script started...
2025-01-31 12:54:04,481 - Starting ticket search...
2025-01-31 12:54:10,552 - Login popup closed.
2025-01-31 12:57:52,272 - Script started...
2025-01-31 12:57:52,654 - Starting ticket search...
2025-01-31 12:57:58,489 - Login popup closed.
2025-01-31 12:58:05,788 - Selected departure date: Mon Feb 24 2025
2025-01-31 12:58:10,830 - Selected return date: 2025-02-4
2025-01-31 13:01:00,975 - Script started...
2025-01-31 13:01:01,312 - Starting ticket search...
2025-01-31 13:01:07,121 - Login popup closed.
2025-01-31 13:01:14,438 - Selected departure date: Mon Feb 24 2025
2025-01-31 13:01:19,525 - Selected return date: Fri Feb 28 2025
2025-01-31 13:01:29,904 - Output written to output.json for task task1.
2025-01-31 13:01:30,014 - Automation completed successfully!
2025-01-31 13:01:52,573 - Script started...
2025-01-31 13:01:52,908 - Starting ticket search...
2025-01-31 13:01:58,883 - Login popup closed.
2025-01-31 13:02:06,205 - Selected departure date: Mon Feb 24 2025
2025-01-31 13:02:11,292 - Selected return date: Fri Feb 28 2025
2025-01-31 13:02:21,580 - Output written to output.json for task task1.
2025-01-31 13:02:21,698 - Automation completed successfully!
2025-01-31 13:05:32,110 - Script started...
2025-01-31 13:05:32,476 - Starting ticket search...
2025-01-31 13:05:38,291 - Login popup closed.
2025-01-31 13:06:08,917 - Script started...
2025-01-31 13:06:09,375 - Starting ticket search...
2025-01-31 13:06:15,120 - Login popup closed.
2025-01-31 13:06:22,470 - Selected departure date: Mon Feb 24 2025
2025-01-31 13:06:27,556 - Selected return date: Fri Feb 28 2025
2025-01-31 13:06:37,854 - Output written to output.json for task task1.
2025-01-31 13:06:37,985 - Automation completed successfully!
