2025-01-28 12:03:58,863 - Script started...
2025-01-28 12:04:00,305 - Starting login process...
2025-01-28 12:06:24,263 - Script started...
2025-01-28 12:06:25,364 - Starting login process...
2025-01-28 12:08:16,926 - Script started...
2025-01-28 12:08:18,541 - Starting login process...
2025-01-28 12:10:20,964 - Script started...
2025-01-28 12:10:21,270 - Starting login process...
2025-01-28 13:00:12,622 - Script started...
2025-01-28 13:00:13,768 - Starting login process...
2025-01-28 13:00:38,322 - Script started...
2025-01-28 13:00:39,781 - Starting login process...
2025-01-28 13:00:40,086 - Login successful!
2025-01-28 13:00:40,086 - Starting ticket search...
2025-01-28 13:01:27,541 - Script started...
2025-01-28 13:01:28,652 - Starting login process...
2025-01-28 13:01:28,979 - Login successful!
2025-01-28 13:01:28,979 - Starting ticket search...
2025-01-28 13:02:40,692 - Script started...
2025-01-28 13:02:42,180 - Starting login process...
2025-01-28 13:02:42,474 - Login successful!
2025-01-28 13:02:42,474 - Starting ticket search...
2025-01-28 13:07:06,805 - Script started...
2025-01-28 13:07:08,668 - Starting login process...
2025-01-28 13:07:09,024 - Login successful!
2025-01-28 13:07:09,024 - Starting ticket search...
2025-01-28 13:20:02,897 - Script started...
2025-01-28 13:20:04,517 - Starting login process...
2025-01-28 13:20:04,903 - Login successful!
2025-01-28 13:20:04,903 - Starting ticket search...
2025-01-28 13:20:20,382 - Script started...
2025-01-28 13:20:21,527 - Starting login process...
2025-01-28 13:20:21,860 - Login successful!
2025-01-28 13:20:21,860 - Starting ticket search...
2025-01-28 13:21:30,139 - Script started...
2025-01-28 13:21:31,197 - Starting login process...
2025-01-28 13:21:31,507 - Login successful!
2025-01-28 13:21:31,507 - Starting ticket search...
2025-01-28 13:27:00,237 - Script started...
2025-01-28 13:27:01,676 - Starting login process...
2025-01-28 13:27:02,069 - Login successful!
2025-01-28 13:27:02,070 - Starting ticket search...
2025-01-28 13:29:11,390 - Script started...
2025-01-28 13:29:12,908 - Starting login process...
2025-01-28 13:29:13,340 - Login successful!
2025-01-28 13:29:13,340 - Starting ticket search...
2025-01-28 13:32:11,505 - Script started...
2025-01-28 13:32:13,102 - Starting login process...
2025-01-28 13:32:13,481 - Login successful!
2025-01-28 13:32:13,481 - Starting ticket search...
2025-01-28 13:39:32,442 - Script started...
2025-01-28 13:39:32,751 - Starting login process...
2025-01-28 13:39:33,107 - Login successful!
2025-01-28 13:39:33,107 - Starting ticket search...
2025-01-28 13:40:06,327 - Script started...
2025-01-28 13:40:06,627 - Starting login process...
2025-01-28 13:40:07,184 - Login successful!
2025-01-28 13:40:07,184 - Starting ticket search...
2025-01-28 13:40:25,598 - Script started...
2025-01-28 13:40:25,995 - Starting login process...
2025-01-28 13:40:26,443 - Login successful!
2025-01-28 13:40:26,444 - Starting ticket search...
2025-01-28 13:40:53,259 - Script started...
2025-01-28 13:40:53,544 - Starting login process...
2025-01-28 13:40:53,857 - Login successful!
2025-01-28 13:40:53,858 - Starting ticket search...
2025-01-29 12:34:46,556 - Script started...
2025-01-29 12:34:47,971 - Starting login process...
2025-01-29 12:34:48,364 - Login successful!
2025-01-29 12:34:48,364 - Starting ticket search...
2025-01-29 12:41:06,428 - Script started...
2025-01-29 12:41:06,775 - Starting login process...
2025-01-29 12:41:07,103 - Login successful!
2025-01-29 12:41:07,103 - Starting ticket search...
2025-01-29 12:41:24,308 - Script started...
2025-01-29 12:41:24,701 - Starting login process...
2025-01-29 12:41:25,068 - Login successful!
2025-01-29 12:41:25,068 - Starting ticket search...
2025-01-29 12:41:59,821 - Script started...
2025-01-29 12:42:00,141 - Starting login process...
2025-01-29 12:42:00,451 - Login successful!
2025-01-29 12:42:00,452 - Starting ticket search...
2025-01-29 12:43:06,869 - Script started...
2025-01-29 12:43:07,202 - Starting login process...
2025-01-29 12:43:07,538 - Login successful!
2025-01-29 12:43:07,538 - Starting ticket search...
2025-01-29 12:45:04,701 - Script started...
2025-01-29 12:45:05,062 - Starting login process...
2025-01-29 12:45:05,432 - Login successful!
2025-01-29 12:45:05,432 - Starting ticket search...
2025-01-29 12:47:50,813 - Script started...
2025-01-29 12:47:51,130 - Starting login process...
2025-01-29 12:47:51,499 - Login successful!
2025-01-29 12:47:51,499 - Starting ticket search...
2025-01-29 12:50:56,109 - Script started...
2025-01-29 12:50:56,460 - Starting login process...
2025-01-29 12:50:56,814 - Login successful!
2025-01-29 12:50:56,814 - Starting ticket search...
2025-01-29 12:50:56,814 - Search completed!
2025-01-29 12:50:56,814 - Starting checkout process...
2025-01-29 12:52:22,688 - Script started...
2025-01-29 12:52:23,022 - Starting login process...
2025-01-29 12:52:23,369 - Login successful!
2025-01-29 12:52:23,369 - Starting ticket search...
2025-01-29 12:52:23,369 - Search completed!
2025-01-29 12:52:23,369 - Starting checkout process...
2025-01-29 12:53:17,900 - Script started...
2025-01-29 12:53:18,258 - Starting login process...
2025-01-29 12:53:18,623 - Login successful!
2025-01-29 12:53:18,623 - Starting ticket search...
2025-01-29 12:53:18,623 - Search completed!
2025-01-29 12:53:18,623 - Automation completed successfully!
2025-01-29 12:53:49,398 - Script started...
2025-01-29 12:53:49,849 - Starting login process...
2025-01-29 12:53:50,479 - Login successful!
2025-01-29 12:53:50,479 - Starting ticket search...
2025-01-29 12:53:50,480 - Search completed!
2025-01-29 12:53:50,480 - Automation completed successfully!
2025-01-29 12:54:09,319 - Script started...
2025-01-29 12:54:09,801 - Starting login process...
2025-01-29 12:54:10,144 - Login successful!
2025-01-29 12:54:10,144 - Starting ticket search...
2025-01-29 12:54:10,145 - Search completed!
2025-01-29 12:54:10,145 - Automation completed successfully!
2025-01-29 12:55:07,398 - Script started...
2025-01-29 12:55:07,716 - Starting login process...
2025-01-29 12:55:08,080 - Login successful!
2025-01-29 12:55:08,080 - Starting ticket search...
2025-01-29 12:55:08,082 - Search completed!
2025-01-29 12:55:08,082 - Automation completed successfully!
2025-01-29 12:56:05,786 - Script started...
2025-01-29 12:56:06,112 - Starting login process...
2025-01-29 12:56:06,453 - Login successful!
2025-01-29 12:56:06,453 - Starting ticket search...
2025-01-29 13:12:46,466 - Search completed!
2025-01-29 13:12:46,469 - Automation completed successfully!
2025-01-29 13:13:00,193 - Script started...
2025-01-29 13:13:00,530 - Starting login process...
2025-01-29 13:13:00,920 - Login successful!
2025-01-29 13:13:00,921 - Starting ticket search...
2025-01-29 13:13:35,036 - Retrying (Retry(total=2, connect=None, read=None, redirect=None, status=None)) after connection broken by 'NewConnectionError('<urllib3.connection.HTTPConnection object at 0x1009adb90>: Failed to establish a new connection: [Errno 61] Connection refused')': /session/f57062f6de303f6fcdce8806d99d8607
2025-01-29 13:13:35,039 - Retrying (Retry(total=1, connect=None, read=None, redirect=None, status=None)) after connection broken by 'NewConnectionError('<urllib3.connection.HTTPConnection object at 0x1015dd510>: Failed to establish a new connection: [Errno 61] Connection refused')': /session/f57062f6de303f6fcdce8806d99d8607
2025-01-29 13:13:35,041 - Retrying (Retry(total=0, connect=None, read=None, redirect=None, status=None)) after connection broken by 'NewConnectionError('<urllib3.connection.HTTPConnection object at 0x1015df690>: Failed to establish a new connection: [Errno 61] Connection refused')': /session/f57062f6de303f6fcdce8806d99d8607
